<?xml version="1.0" encoding="UTF-8"?>
<testsuite xmlns:xsi="http://www.w3.org/2001/XMLSchema-instance" xsi:noNamespaceSchemaLocation="https://maven.apache.org/surefire/maven-surefire-plugin/xsd/surefire-test-report.xsd" name="com.bms.BooksApplicationTests" time="29.137" tests="3" errors="0" skipped="0" failures="0">
  <properties>
[...]
</properties>
  <testcase name="saveTest" classname="com.bms.BooksApplicationTests" time="0.074"/>
  <testcase name="contextLoads" classname="com.bms.BooksApplicationTests" time="0.038"/>
  <testcase name="deleteBook" classname="com.bms.BooksApplicationTests" time="0.156"/>
</testsuite>